<?xml version="1.0" encoding="UTF-8"?>
<testng-results ignored="1" total="2" passed="1" failed="0" skipped="0">
  <reporter-output>
  </reporter-output>
  <suite started-at="2025-01-09T17:25:24 EET" name="Default suite" finished-at="2025-01-09T17:25:29 EET" duration-ms="5337">
    <groups>
    </groups>
    <test started-at="2025-01-09T17:25:24 EET" name="Default test" finished-at="2025-01-09T17:25:29 EET" duration-ms="5337">
      <class name="AhlanClass">
        <test-method is-config="true" signature="Setup()[pri:0, instance:AhlanClass@5ef6ae06]" started-at="2025-01-09T17:25:24 EET" name="Setup" finished-at="2025-01-09T17:25:29 EET" duration-ms="4670" status="PASS">
          <reporter-output>
          </reporter-output>
        </test-method> <!-- Setup -->
        <test-method signature="forGotPassword()[pri:0, instance:AhlanClass@5ef6ae06]" started-at="2025-01-09T17:25:29 EET" name="forGotPassword" finished-at="2025-01-09T17:25:29 EET" duration-ms="626" status="PASS">
          <reporter-output>
          </reporter-output>
        </test-method> <!-- forGotPassword -->
      </class> <!-- AhlanClass -->
    </test> <!-- Default test -->
  </suite> <!-- Default suite -->
</testng-results>
